e:\myproject\p2project\debug\p2project.bsc
e:\myproject\p2project\p2project\debug\vc120.pdb
e:\myproject\p2project\p2project\debug\vc120.idb
e:\myproject\p2project\p2project\debug\trie.sbr
e:\myproject\p2project\p2project\debug\program.sbr
e:\myproject\p2project\p2project\debug\message.sbr
e:\myproject\p2project\p2project\debug\interface.sbr
e:\myproject\p2project\p2project\debug\main.sbr
e:\myproject\p2project\p2project\debug\graph.sbr
e:\myproject\p2project\p2project\debug\graph.obj
e:\myproject\p2project\p2project\debug\main.obj
e:\myproject\p2project\p2project\debug\interface.obj
e:\myproject\p2project\p2project\debug\message.obj
e:\myproject\p2project\p2project\debug\program.obj
e:\myproject\p2project\p2project\debug\trie.obj
e:\myproject\p2project\debug\p2project.ilk
e:\myproject\p2project\debug\p2project.exe
e:\myproject\p2project\debug\p2project.pdb
e:\myproject\p2project\p2project\debug\p2project.tlog\bscmake.command.1.tlog
e:\myproject\p2project\p2project\debug\p2project.tlog\bscmake.read.1.tlog
e:\myproject\p2project\p2project\debug\p2project.tlog\bscmake.write.1.tlog
e:\myproject\p2project\p2project\debug\p2project.tlog\cl.command.1.tlog
e:\myproject\p2project\p2project\debug\p2project.tlog\cl.read.1.tlog
e:\myproject\p2project\p2project\debug\p2project.tlog\cl.write.1.tlog
e:\myproject\p2project\p2project\debug\p2project.tlog\link.command.1.tlog
e:\myproject\p2project\p2project\debug\p2project.tlog\link.read.1.tlog
e:\myproject\p2project\p2project\debug\p2project.tlog\link.write.1.tlog
